1: Santa: going to sleep
2: Elf 1: started
3: Elf 2: started
4: Elf 3: started
5: Elf 4: started
6: Elf 6: started
7: Elf 5: started
8: Elf 7: started
9: Elf 8: started
10: Elf 9: started
11: Elf 10: started
12: RD 1: rstarted
13: RD 2: rstarted
14: RD 3: rstarted
15: RD 4: rstarted
16: RD 5: rstarted
17: RD 6: rstarted
18: RD 7: rstarted
19: RD 8: rstarted
20: RD 9: rstarted
21: RD 10: rstarted
22: RD 11: rstarted
23: RD 12: rstarted
24: Elf 1: need help
25: Elf 2: need help
26: Elf 3: need help
27: Santa: helping elves
28: RD 4: return home
29: RD 5: return home
30: RD 6: return home
31: RD 7: return home
32: RD 8: return home
33: RD 9: return home
34: RD 10: return home
35: RD 11: return home
36: RD 12: return home
37: RD 1: return home
38: RD 2: return home
39: RD 3: return home
40: Elf 1: get help
41: Elf 2: get help
42: Elf 3: get help
43: Santa: going to sleep
44: Santa: closing workshop
45: RD 3: get hitched
46: RD 4: get hitched
47: RD 5: get hitched
48: RD 6: get hitched
49: RD 7: get hitched
50: RD 8: get hitched
51: RD 10: get hitched
52: RD 9: get hitched
53: RD 11: get hitched
54: RD 1: get hitched
55: RD 2: get hitched
56: RD 12: get hitched
57: Santa: Christmas started
58: Elf 4: need help
59: Elf 4: taking holidays
60: Elf 5: need help
61: Elf 5: taking holidays
62: Elf 8: need help
63: Elf 8: taking holidays
64: Elf 9: need help
65: Elf 10: need help
66: Elf 1: need help
67: Elf 2: need help
68: Elf 3: need help
69: Elf 10: taking holidays
70: Elf 2: taking holidays
71: Elf 3: taking holidays
72: Elf 9: taking holidays
73: Elf 6: need help
74: Elf 6: taking holidays
75: Elf 1: taking holidays
76: Elf 7: need help
77: Elf 7: taking holidays
